<?xml version="1.0" encoding="UTF-8"?>
<coverage generated="1530850530709" clover="3.2.0">
  <project timestamp="1530850530710" name="All files">
    <metrics statements="75" coveredstatements="37" conditionals="20" coveredconditionals="11" methods="8" coveredmethods="3" elements="103" coveredelements="51" complexity="0" loc="75" ncloc="75" packages="4" files="6" classes="6">
      <package name="src">
        <metrics statements="5" coveredstatements="0" conditionals="0" coveredconditionals="0" methods="0" coveredmethods="0"/>
        <file name="index.js" path="/Users/Lee/Documents/2018/tweeter/src/index.js">
          <metrics statements="5" coveredstatements="0" conditionals="0" coveredconditionals="0" methods="0" coveredmethods="0"/>
          <line num="1" count="0" type="stmt"/>
          <line num="2" count="0" type="stmt"/>
          <line num="3" count="0" type="stmt"/>
          <line num="4" count="0" type="stmt"/>
          <line num="6" count="0" type="stmt"/>
        </file>
      </package>
      <package name="src.components">
        <metrics statements="4" coveredstatements="0" conditionals="0" coveredconditionals="0" methods="1" coveredmethods="0"/>
        <file name="PostItem.jsx" path="/Users/Lee/Documents/2018/tweeter/src/components/PostItem.jsx">
          <metrics statements="4" coveredstatements="0" conditionals="0" coveredconditionals="0" methods="1" coveredmethods="0"/>
          <line num="1" count="0" type="stmt"/>
          <line num="2" count="0" type="stmt"/>
          <line num="4" count="0" type="stmt"/>
          <line num="5" count="0" type="stmt"/>
        </file>
      </package>
      <package name="src.containers">
        <metrics statements="29" coveredstatements="0" conditionals="8" coveredconditionals="0" methods="4" coveredmethods="0"/>
        <file name="App.jsx" path="/Users/Lee/Documents/2018/tweeter/src/containers/App.jsx">
          <metrics statements="3" coveredstatements="0" conditionals="0" coveredconditionals="0" methods="0" coveredmethods="0"/>
          <line num="1" count="0" type="stmt"/>
          <line num="2" count="0" type="stmt"/>
          <line num="6" count="0" type="stmt"/>
        </file>
        <file name="Post.jsx" path="/Users/Lee/Documents/2018/tweeter/src/containers/Post.jsx">
          <metrics statements="14" coveredstatements="0" conditionals="6" coveredconditionals="0" methods="1" coveredmethods="0"/>
          <line num="1" count="0" type="stmt"/>
          <line num="2" count="0" type="stmt"/>
          <line num="3" count="0" type="stmt"/>
          <line num="6" count="0" type="cond" truecount="0" falsecount="2"/>
          <line num="8" count="0" type="stmt"/>
          <line num="13" count="0" type="stmt"/>
          <line num="14" count="0" type="stmt"/>
          <line num="18" count="0" type="stmt"/>
          <line num="19" count="0" type="stmt"/>
          <line num="23" count="0" type="stmt"/>
          <line num="26" count="0" type="stmt"/>
          <line num="27" count="0" type="stmt"/>
          <line num="28" count="0" type="cond" truecount="0" falsecount="2"/>
          <line num="29" count="0" type="stmt"/>
        </file>
        <file name="PostBoard.jsx" path="/Users/Lee/Documents/2018/tweeter/src/containers/PostBoard.jsx">
          <metrics statements="12" coveredstatements="0" conditionals="2" coveredconditionals="0" methods="3" coveredmethods="0"/>
          <line num="1" count="0" type="stmt"/>
          <line num="2" count="0" type="stmt"/>
          <line num="3" count="0" type="stmt"/>
          <line num="5" count="0" type="stmt"/>
          <line num="6" count="0" type="stmt"/>
          <line num="11" count="0" type="stmt"/>
          <line num="14" count="0" type="stmt"/>
          <line num="15" count="0" type="stmt"/>
          <line num="16" count="0" type="cond" truecount="0" falsecount="2"/>
          <line num="17" count="0" type="stmt"/>
          <line num="23" count="0" type="stmt"/>
          <line num="24" count="0" type="stmt"/>
        </file>
      </package>
      <package name="src.utils">
        <metrics statements="37" coveredstatements="37" conditionals="12" coveredconditionals="11" methods="3" coveredmethods="3"/>
        <file name="util.js" path="/Users/Lee/Documents/2018/tweeter/src/utils/util.js">
          <metrics statements="37" coveredstatements="37" conditionals="12" coveredconditionals="11" methods="3" coveredmethods="3"/>
          <line num="1" count="1" type="stmt"/>
          <line num="3" count="1" type="stmt"/>
          <line num="4" count="185" type="stmt"/>
          <line num="7" count="1" type="stmt"/>
          <line num="8" count="8" type="stmt"/>
          <line num="9" count="8" type="cond" truecount="2" falsecount="0"/>
          <line num="10" count="4" type="stmt"/>
          <line num="11" count="4" type="stmt"/>
          <line num="14" count="4" type="stmt"/>
          <line num="15" count="4" type="stmt"/>
          <line num="16" count="4" type="stmt"/>
          <line num="17" count="4" type="stmt"/>
          <line num="18" count="8" type="stmt"/>
          <line num="19" count="8" type="stmt"/>
          <line num="20" count="8" type="stmt"/>
          <line num="21" count="8" type="stmt"/>
          <line num="22" count="8" type="stmt"/>
          <line num="23" count="185" type="cond" truecount="2" falsecount="0"/>
          <line num="24" count="164" type="stmt"/>
          <line num="26" count="21" type="stmt"/>
          <line num="27" count="21" type="stmt"/>
          <line num="29" count="185" type="stmt"/>
          <line num="31" count="8" type="cond" truecount="1" falsecount="1"/>
          <line num="32" count="8" type="stmt"/>
          <line num="34" count="8" type="cond" truecount="2" falsecount="0"/>
          <line num="35" count="4" type="stmt"/>
          <line num="36" count="4" type="stmt"/>
          <line num="38" count="4" type="stmt"/>
          <line num="41" count="4" type="stmt"/>
          <line num="42" count="4" type="stmt"/>
          <line num="43" count="14" type="stmt"/>
          <line num="44" count="14" type="cond" truecount="2" falsecount="0"/>
          <line num="45" count="2" type="stmt"/>
          <line num="47" count="14" type="stmt"/>
          <line num="49" count="4" type="cond" truecount="2" falsecount="0"/>
          <line num="50" count="2" type="stmt"/>
          <line num="52" count="4" type="stmt"/>
        </file>
      </package>
    </metrics>
  </project>
</coverage>
