{"/Users/Lee/Documents/2018/tweeter/src/index.js": {"path":"/Users/Lee/Documents/2018/tweeter/src/index.js","statementMap":{"0":{"start":{"line":1,"column":0},"end":{"line":null,"column":-1}},"1":{"start":{"line":2,"column":0},"end":{"line":null,"column":-1}},"2":{"start":{"line":3,"column":0},"end":{"line":null,"column":-1}},"3":{"start":{"line":4,"column":0},"end":{"line":null,"column":-1}},"4":{"start":{"line":6,"column":0},"end":{"line":null,"column":-1}}},"fnMap":{},"branchMap":{},"s":{"0":0,"1":0,"2":0,"3":0,"4":0},"f":{},"b":{}}
,"/Users/Lee/Documents/2018/tweeter/src/components/PostItem.jsx": {"path":"/Users/Lee/Documents/2018/tweeter/src/components/PostItem.jsx","statementMap":{"0":{"start":{"line":1,"column":0},"end":{"line":null,"column":-1}},"1":{"start":{"line":2,"column":0},"end":{"line":null,"column":-1}},"2":{"start":{"line":4,"column":17},"end":{"line":4,"column":0}},"3":{"start":{"line":4,"column":32},"end":{"line":4,"column":31}},"4":{"start":{"line":5,"column":2},"end":{"line":null,"column":-1}}},"fnMap":{"0":{"name":"PostItem","decl":{"start":{"line":4,"column":6},"end":{"line":4,"column":17}},"loc":{"start":{"line":4,"column":32},"end":{"line":4,"column":0}}}},"branchMap":{},"s":{"0":0,"1":0,"2":0,"3":0,"4":0},"f":{"0":0},"b":{}}
,"/Users/Lee/Documents/2018/tweeter/src/containers/App.jsx": {"path":"/Users/Lee/Documents/2018/tweeter/src/containers/App.jsx","statementMap":{"0":{"start":{"line":1,"column":0},"end":{"line":null,"column":-1}},"1":{"start":{"line":2,"column":0},"end":{"line":null,"column":-1}},"2":{"start":{"line":6,"column":4},"end":{"line":null,"column":-1}}},"fnMap":{},"branchMap":{},"s":{"0":0,"1":0,"2":0},"f":{},"b":{}}
,"/Users/Lee/Documents/2018/tweeter/src/containers/Post.jsx": {"path":"/Users/Lee/Documents/2018/tweeter/src/containers/Post.jsx","statementMap":{"0":{"start":{"line":1,"column":0},"end":{"line":null,"column":-1}},"1":{"start":{"line":2,"column":0},"end":{"line":null,"column":-1}},"2":{"start":{"line":3,"column":0},"end":{"line":null,"column":-1}},"3":{"start":{"line":6,"column":21},"end":{"line":null,"column":-1}},"4":{"start":{"line":8,"column":4},"end":{"line":null,"column":-1}},"5":{"start":{"line":13,"column":4},"end":{"line":null,"column":-1}},"6":{"start":{"line":14,"column":4},"end":{"line":null,"column":-1}},"7":{"start":{"line":18,"column":4},"end":{"line":null,"column":-1}},"8":{"start":{"line":19,"column":4},"end":{"line":null,"column":-1}},"9":{"start":{"line":23,"column":4},"end":{"line":null,"column":-1}},"10":{"start":{"line":27,"column":39},"end":{"line":26,"column":11}},"11":{"start":{"line":26,"column":11},"end":{"line":26,"column":10}},"12":{"start":{"line":28,"column":21},"end":{"line":28,"column":4}},"13":{"start":{"line":29,"column":4},"end":{"line":null,"column":-1}}},"fnMap":{"0":{"name":"Post","decl":{"start":{"line":6,"column":2},"end":{"line":6,"column":13}},"loc":{"start":{"line":6,"column":21},"end":{"line":15,"column":3}}}},"branchMap":{"0":{"loc":{"start":{"line":6,"column":21},"end":{"line":7,"column":9}},"type":"binary-expr","locations":[{"start":{"line":6,"column":21},"end":{"line":7,"column":9}},{"start":{"line":6,"column":21},"end":{"line":7,"column":9}}]},"1":{"loc":{"start":{"line":28,"column":48},"end":{"line":28,"column":21}},"type":"cond-expr","locations":[{"start":{"line":28,"column":48},"end":{"line":28,"column":21}},{"start":{"line":28,"column":55},"end":{"line":28,"column":4}}]},"2":{"loc":{"start":{"line":44,"column":25},"end":{"line":44,"column":9}},"type":"cond-expr","locations":[{"start":{"line":44,"column":25},"end":{"line":44,"column":9}},{"start":{"line":44,"column":58},"end":{"line":null,"column":-1}}]}},"s":{"0":0,"1":0,"2":0,"3":0,"4":0,"5":0,"6":0,"7":0,"8":0,"9":0,"10":0,"11":0,"12":0,"13":0},"f":{"0":0},"b":{"0":[0,0],"1":[0,0],"2":[0,0]}}
,"/Users/Lee/Documents/2018/tweeter/src/containers/PostBoard.jsx": {"path":"/Users/Lee/Documents/2018/tweeter/src/containers/PostBoard.jsx","statementMap":{"0":{"start":{"line":1,"column":0},"end":{"line":null,"column":-1}},"1":{"start":{"line":2,"column":0},"end":{"line":null,"column":-1}},"2":{"start":{"line":3,"column":0},"end":{"line":null,"column":-1}},"3":{"start":{"line":5,"column":17},"end":{"line":5,"column":0}},"4":{"start":{"line":6,"column":19},"end":{"line":6,"column":2}},"5":{"start":{"line":6,"column":32},"end":{"line":null,"column":-1}},"6":{"start":{"line":11,"column":2},"end":{"line":null,"column":-1}},"7":{"start":{"line":14,"column":18},"end":{"line":14,"column":0}},"8":{"start":{"line":14,"column":30},"end":{"line":14,"column":29}},"9":{"start":{"line":15,"column":18},"end":{"line":15,"column":2}},"10":{"start":{"line":16,"column":2},"end":{"line":22,"column":3}},"11":{"start":{"line":17,"column":4},"end":{"line":null,"column":-1}},"12":{"start":{"line":23,"column":15},"end":{"line":23,"column":2}},"13":{"start":{"line":24,"column":2},"end":{"line":null,"column":-1}}},"fnMap":{"0":{"name":"postRows","decl":{"start":{"line":5,"column":17},"end":{"line":5,"column":17}},"loc":{"start":{"line":5,"column":31},"end":{"line":5,"column":0}}},"1":{"name":"(anonymous_2)","decl":{"start":{"line":6,"column":32},"end":{"line":null,"column":-1}},"loc":{"start":{"line":6,"column":32},"end":{"line":6,"column":19}}},"2":{"name":"PostBoard","decl":{"start":{"line":14,"column":6},"end":{"line":14,"column":18}},"loc":{"start":{"line":14,"column":30},"end":{"line":14,"column":0}}}},"branchMap":{"0":{"loc":{"start":{"line":16,"column":2},"end":{"line":22,"column":3}},"type":"if","locations":[{"start":{"line":16,"column":2},"end":{"line":22,"column":3}},{"start":{"line":16,"column":2},"end":{"line":22,"column":3}}]}},"s":{"0":0,"1":0,"2":0,"3":0,"4":0,"5":0,"6":0,"7":0,"8":0,"9":0,"10":0,"11":0,"12":0,"13":0},"f":{"0":0,"1":0,"2":0},"b":{"0":[0,0]}}
,"/Users/Lee/Documents/2018/tweeter/src/utils/util.js": {"path":"/Users/Lee/Documents/2018/tweeter/src/utils/util.js","statementMap":{"0":{"start":{"line":1,"column":17},"end":{"line":1,"column":19}},"1":{"start":{"line":3,"column":24},"end":{"line":5,"column":1}},"2":{"start":{"line":4,"column":2},"end":{"line":4,"column":39}},"3":{"start":{"line":7,"column":31},"end":{"line":53,"column":1}},"4":{"start":{"line":8,"column":20},"end":{"line":8,"column":22}},"5":{"start":{"line":9,"column":2},"end":{"line":12,"column":3}},"6":{"start":{"line":10,"column":4},"end":{"line":10,"column":30}},"7":{"start":{"line":11,"column":4},"end":{"line":11,"column":23}},"8":{"start":{"line":14,"column":14},"end":{"line":14,"column":32}},"9":{"start":{"line":15,"column":14},"end":{"line":15,"column":26}},"10":{"start":{"line":16,"column":18},"end":{"line":16,"column":23}},"11":{"start":{"line":17,"column":2},"end":{"line":40,"column":3}},"12":{"start":{"line":18,"column":18},"end":{"line":18,"column":19}},"13":{"start":{"line":19,"column":17},"end":{"line":19,"column":19}},"14":{"start":{"line":20,"column":22},"end":{"line":20,"column":24}},"15":{"start":{"line":21,"column":18},"end":{"line":21,"column":19}},"16":{"start":{"line":22,"column":4},"end":{"line":30,"column":5}},"17":{"start":{"line":23,"column":6},"end":{"line":28,"column":7}},"18":{"start":{"line":24,"column":8},"end":{"line":24,"column":44}},"19":{"start":{"line":26,"column":8},"end":{"line":26,"column":33}},"20":{"start":{"line":27,"column":8},"end":{"line":27,"column":37}},"21":{"start":{"line":29,"column":6},"end":{"line":29,"column":16}},"22":{"start":{"line":31,"column":4},"end":{"line":33,"column":5}},"23":{"start":{"line":32,"column":6},"end":{"line":32,"column":31}},"24":{"start":{"line":34,"column":4},"end":{"line":39,"column":5}},"25":{"start":{"line":35,"column":6},"end":{"line":35,"column":27}},"26":{"start":{"line":36,"column":6},"end":{"line":36,"column":12}},"27":{"start":{"line":38,"column":6},"end":{"line":38,"column":32}},"28":{"start":{"line":41,"column":17},"end":{"line":41,"column":22}},"29":{"start":{"line":42,"column":2},"end":{"line":48,"column":4}},"30":{"start":{"line":43,"column":20},"end":{"line":43,"column":64}},"31":{"start":{"line":44,"column":4},"end":{"line":46,"column":5}},"32":{"start":{"line":45,"column":6},"end":{"line":45,"column":22}},"33":{"start":{"line":47,"column":4},"end":{"line":47,"column":19}},"34":{"start":{"line":49,"column":2},"end":{"line":51,"column":3}},"35":{"start":{"line":50,"column":4},"end":{"line":50,"column":21}},"36":{"start":{"line":52,"column":2},"end":{"line":52,"column":21}}},"fnMap":{"0":{"name":"(anonymous_0)","decl":{"start":{"line":3,"column":24},"end":{"line":3,"column":25}},"loc":{"start":{"line":3,"column":44},"end":{"line":5,"column":1}},"line":3},"1":{"name":"(anonymous_1)","decl":{"start":{"line":7,"column":31},"end":{"line":7,"column":32}},"loc":{"start":{"line":7,"column":44},"end":{"line":53,"column":1}},"line":7},"2":{"name":"(anonymous_2)","decl":{"start":{"line":42,"column":32},"end":{"line":42,"column":33}},"loc":{"start":{"line":42,"column":49},"end":{"line":48,"column":3}},"line":42}},"branchMap":{"0":{"loc":{"start":{"line":9,"column":2},"end":{"line":12,"column":3}},"type":"if","locations":[{"start":{"line":9,"column":2},"end":{"line":12,"column":3}},{"start":{"line":9,"column":2},"end":{"line":12,"column":3}}],"line":9},"1":{"loc":{"start":{"line":23,"column":6},"end":{"line":28,"column":7}},"type":"if","locations":[{"start":{"line":23,"column":6},"end":{"line":28,"column":7}},{"start":{"line":23,"column":6},"end":{"line":28,"column":7}}],"line":23},"2":{"loc":{"start":{"line":31,"column":4},"end":{"line":33,"column":5}},"type":"if","locations":[{"start":{"line":31,"column":4},"end":{"line":33,"column":5}},{"start":{"line":31,"column":4},"end":{"line":33,"column":5}}],"line":31},"3":{"loc":{"start":{"line":34,"column":4},"end":{"line":39,"column":5}},"type":"if","locations":[{"start":{"line":34,"column":4},"end":{"line":39,"column":5}},{"start":{"line":34,"column":4},"end":{"line":39,"column":5}}],"line":34},"4":{"loc":{"start":{"line":44,"column":4},"end":{"line":46,"column":5}},"type":"if","locations":[{"start":{"line":44,"column":4},"end":{"line":46,"column":5}},{"start":{"line":44,"column":4},"end":{"line":46,"column":5}}],"line":44},"5":{"loc":{"start":{"line":49,"column":2},"end":{"line":51,"column":3}},"type":"if","locations":[{"start":{"line":49,"column":2},"end":{"line":51,"column":3}},{"start":{"line":49,"column":2},"end":{"line":51,"column":3}}],"line":49}},"s":{"0":1,"1":1,"2":185,"3":1,"4":8,"5":8,"6":4,"7":4,"8":4,"9":4,"10":4,"11":4,"12":8,"13":8,"14":8,"15":8,"16":8,"17":185,"18":164,"19":21,"20":21,"21":185,"22":8,"23":8,"24":8,"25":4,"26":4,"27":4,"28":4,"29":4,"30":14,"31":14,"32":2,"33":14,"34":4,"35":2,"36":4},"f":{"0":185,"1":8,"2":14},"b":{"0":[4,4],"1":[164,21],"2":[8,0],"3":[4,4],"4":[2,12],"5":[2,2]},"_coverageSchema":"332fd63041d2c1bcb487cc26dd0d5f7d97098a6c","hash":"7d82a3873a9c240a41ab47abeeabb10d455afb81"}
}
