TN:
SF:/Users/Lee/Documents/2018/tweeter/src/index.js
FNF:0
FNH:0
DA:1,0
DA:2,0
DA:3,0
DA:4,0
DA:6,0
LF:5
LH:0
BRF:0
BRH:0
end_of_record
TN:
SF:/Users/Lee/Documents/2018/tweeter/src/components/PostItem.jsx
FN:4,PostItem
FNF:1
FNH:0
FNDA:0,PostItem
DA:1,0
DA:2,0
DA:4,0
DA:5,0
LF:4
LH:0
BRF:0
BRH:0
end_of_record
TN:
SF:/Users/Lee/Documents/2018/tweeter/src/containers/App.jsx
FNF:0
FNH:0
DA:1,0
DA:2,0
DA:6,0
LF:3
LH:0
BRF:0
BRH:0
end_of_record
TN:
SF:/Users/Lee/Documents/2018/tweeter/src/containers/Post.jsx
FN:6,Post
FNF:1
FNH:0
FNDA:0,Post
DA:1,0
DA:2,0
DA:3,0
DA:6,0
DA:8,0
DA:13,0
DA:14,0
DA:18,0
DA:19,0
DA:23,0
DA:26,0
DA:27,0
DA:28,0
DA:29,0
LF:14
LH:0
BRDA:6,0,0,0
BRDA:6,0,1,0
BRDA:28,1,0,0
BRDA:28,1,1,0
BRDA:44,2,0,0
BRDA:44,2,1,0
BRF:6
BRH:0
end_of_record
TN:
SF:/Users/Lee/Documents/2018/tweeter/src/containers/PostBoard.jsx
FN:5,postRows
FN:6,(anonymous_2)
FN:14,PostBoard
FNF:3
FNH:0
FNDA:0,postRows
FNDA:0,(anonymous_2)
FNDA:0,PostBoard
DA:1,0
DA:2,0
DA:3,0
DA:5,0
DA:6,0
DA:11,0
DA:14,0
DA:15,0
DA:16,0
DA:17,0
DA:23,0
DA:24,0
LF:12
LH:0
BRDA:16,0,0,0
BRDA:16,0,1,0
BRF:2
BRH:0
end_of_record
TN:
SF:/Users/Lee/Documents/2018/tweeter/src/utils/util.js
FN:3,(anonymous_0)
FN:7,(anonymous_1)
FN:42,(anonymous_2)
FNF:3
FNH:3
FNDA:185,(anonymous_0)
FNDA:8,(anonymous_1)
FNDA:14,(anonymous_2)
DA:1,1
DA:3,1
DA:4,185
DA:7,1
DA:8,8
DA:9,8
DA:10,4
DA:11,4
DA:14,4
DA:15,4
DA:16,4
DA:17,4
DA:18,8
DA:19,8
DA:20,8
DA:21,8
DA:22,8
DA:23,185
DA:24,164
DA:26,21
DA:27,21
DA:29,185
DA:31,8
DA:32,8
DA:34,8
DA:35,4
DA:36,4
DA:38,4
DA:41,4
DA:42,4
DA:43,14
DA:44,14
DA:45,2
DA:47,14
DA:49,4
DA:50,2
DA:52,4
LF:37
LH:37
BRDA:9,0,0,4
BRDA:9,0,1,4
BRDA:23,1,0,164
BRDA:23,1,1,21
BRDA:31,2,0,8
BRDA:31,2,1,0
BRDA:34,3,0,4
BRDA:34,3,1,4
BRDA:44,4,0,2
BRDA:44,4,1,12
BRDA:49,5,0,2
BRDA:49,5,1,2
BRF:12
BRH:11
end_of_record
